<?xml version="1.0" encoding="UTF-8"?>
<!-- Generated by org.testng.reporters.JUnitReportReporter -->
<testsuite hostname="LAPTOP-M84AU483" failures="0" tests="1" name="com.opencart.pageTest.LoginPageTest" time="5.987" errors="0" timestamp="2023-06-23T15:24:10 IST" skipped="0">
  <testcase classname="com.opencart.pageTest.LoginPageTest" name="login" time="5.987"/>
  <system-out/>
</testsuite> <!-- com.opencart.pageTest.LoginPageTest -->
