<?xml version="1.0" encoding="UTF-8"?>
<!-- Generated by org.testng.reporters.JUnitReportReporter -->
<testsuite hostname="LAPTOP-M84AU483" failures="0" tests="1" name="com.opencart.pageTest.HomePageTest" time="0.516" errors="0" timestamp="2023-07-02T17:33:14 IST" skipped="0">
  <testcase classname="com.opencart.pageTest.HomePageTest" name="Login" time="0.516"/>
  <system-out/>
</testsuite> <!-- com.opencart.pageTest.HomePageTest -->
