<?xml version="1.0" encoding="UTF-8"?>
<!-- Generated by org.testng.reporters.JUnitReportReporter -->
<testsuite hostname="LAPTOP-M84AU483" failures="0" tests="1" name="com.opencart.pageTest.HomePageTest" time="4.400" errors="0" timestamp="2023-06-28T16:42:07 IST" skipped="0">
  <testcase classname="com.opencart.pageTest.HomePageTest" name="Login" time="4.400"/>
  <system-out/>
</testsuite> <!-- com.opencart.pageTest.HomePageTest -->
